<?xml version="1.0" encoding="UTF-8"?>
<!-- Generated by org.testng.reporters.JUnitReportReporter -->
<testsuite hostname="DESKTOP-0PIBH0G" failures="0" tests="2" name="Automation.TestNG" time="0.013" errors="0" timestamp="2024-12-13T12:12:03 IST" skipped="0">
  <testcase classname="Automation.TestNG" name="add" time="0.012"/>
  <testcase classname="Automation.TestNG" name="sub" time="0.001"/>
</testsuite> <!-- Automation.TestNG -->
